Arguments: 
  C:\Program Files\nodejs\node.exe C:\Program Files (x86)\Yarn\bin\yarn.js run server

PATH: 
  C:\Program Files\Docker\Docker\Resources\bin;C:\ProgramData\Oracle\Java\javapath;C:\WINDOWS\system32;C:\WINDOWS;C:\WINDOWS\System32\Wbem;C:\WINDOWS\System32\WindowsPowerShell\v1.0\;C:\Program Files (x86)\WebEx\Productivity Tools;C:\Program Files\PuTTY\;C:\Program Files\Microsoft SQL Server\130\Tools\Binn\;C:\Program Files\dotnet\;C:\Program Files\Git\cmd;C:\Program Files (x86)\Sennheiser\SoftphoneSDK\;C:\Program Files\TortoiseSVN\bin;C:\Program Files\nodejs\;C:\Program Files (x86)\Yarn\bin\;C:\Program Files\Intel\WiFi\bin\;C:\Program Files\Common Files\Intel\WirelessCommon\;C:\Users\arfedoro\AppData\Local\Microsoft\WindowsApps;;C:\Program Files (x86)\Microsoft VS Code\bin;C:\Program Files\Heroku\bin;C:\Users\arfedoro\AppData\Roaming\npm;C:\Program Files\Docker Toolbox;C:\Users\arfedoro\AppData\Local\Yarn\bin;C:\Program Files\Intel\WiFi\bin\;C:\Program Files\Common Files\Intel\WirelessCommon\

Yarn version: 
  1.5.1

Node version: 
  8.9.0

Platform: 
  win32 x64

npm manifest: 
  {
    "name": "t-portfolio",
    "version": "0.0.0",
    "license": "MIT",
    "scripts": {
      "db": "cd server && yarn run db",
      "client": "cd client && yarn run dev",
      "client:install": "cd client && yarn",
      "client:lint": "cd client && yarn run lint --fix",
      "client:unit": "cd client && yarn run unit",
      "client:e2e": "cd client && yarn run e2e",
      "server": "cd server && yarn run server",
      "server:watch": "cd server && yarn run server:watch",
      "server:install": "cd server && yarn",
      "client-server": "yarn run server | yarn run client",
      "client-server:install": "yarn run client:install && yarn run server:install"
    }
  }

yarn manifest: 
  No manifest

Lockfile: 
  # THIS IS AN AUTOGENERATED FILE. DO NOT EDIT THIS FILE DIRECTLY.
  # yarn lockfile v1

Trace: 
  Error: Command failed.
  Exit code: 3221225786
  Command: C:\WINDOWS\system32\cmd.exe
  Arguments: /d /s /c cd server && yarn run server
  Directory: C:\Users\arfedoro\Documents\GitHub\Portfolio\Portfolio
  Output:
  
      at ProcessTermError.MessageError (C:\Program Files (x86)\Yarn\lib\cli.js:186:110)
      at new ProcessTermError (C:\Program Files (x86)\Yarn\lib\cli.js:226:113)
      at ChildProcess.<anonymous> (C:\Program Files (x86)\Yarn\lib\cli.js:30281:17)
      at emitTwo (events.js:126:13)
      at ChildProcess.emit (events.js:214:7)
      at maybeClose (internal/child_process.js:925:16)
      at Process.ChildProcess._handle.onexit (internal/child_process.js:209:5)
